# JRE version: OpenJDK Runtime Environment (8.0_272-b10) (build 1.8.0_272-b10)
# Java VM: OpenJDK 64-Bit Server VM (25.272-b10 mixed mode windows-amd64 compressed oops)
Heap:
 PSYoungGen      total 672768K, used 334586K [0x000000076b200000, 0x00000007a5380000, 0x00000007c0000000)
  eden space 623104K, 46% used [0x000000076b200000,0x000000077cae6308,0x0000000791280000)
  from space 49664K, 94% used [0x0000000791280000,0x0000000794058880,0x0000000794300000)
  to   space 55296K, 0% used [0x00000007a1d80000,0x00000007a1d80000,0x00000007a5380000)
 ParOldGen       total 238080K, used 90095K [0x00000006c1600000, 0x00000006cfe80000, 0x000000076b200000)
  object space 238080K, 37% used [0x00000006c1600000,0x00000006c6dfbd48,0x00000006cfe80000)
 Metaspace       used 46778K, capacity 47459K, committed 47872K, reserved 1091584K
  class space    used 6144K, capacity 6356K, committed 6400K, reserved 1048576K
GC Heap History (10 events):
Event: 9.523 GC heap before
{Heap before GC invocations=9 (full 1):
 PSYoungGen      total 300544K, used 282060K [0x000000076b200000, 0x000000078a700000, 0x00000007c0000000)
  eden space 262144K, 100% used [0x000000076b200000,0x000000077b200000,0x000000077b200000)
  from space 38400K, 51% used [0x000000077b200000,0x000000077c573390,0x000000077d780000)
  to   space 35840K, 0% used [0x0000000788400000,0x0000000788400000,0x000000078a700000)
 ParOldGen       total 158720K, used 47244K [0x00000006c1600000, 0x00000006cb100000, 0x000000076b200000)
  object space 158720K, 29% used [0x00000006c1600000,0x00000006c44232d0,0x00000006cb100000)
 Metaspace       used 27831K, capacity 28202K, committed 28416K, reserved 1073152K
  class space    used 3591K, capacity 3716K, committed 3840K, reserved 1048576K
Event: 9.553 GC heap after
Heap after GC invocations=9 (full 1):
 PSYoungGen      total 472064K, used 35819K [0x000000076b200000, 0x000000078b780000, 0x00000007c0000000)
  eden space 436224K, 0% used [0x000000076b200000,0x000000076b200000,0x0000000785c00000)
  from space 35840K, 99% used [0x0000000788400000,0x000000078a6faf88,0x000000078a700000)
  to   space 40960K, 0% used [0x0000000785c00000,0x0000000785c00000,0x0000000788400000)
 ParOldGen       total 158720K, used 47436K [0x00000006c1600000, 0x00000006cb100000, 0x000000076b200000)
  object space 158720K, 29% used [0x00000006c1600000,0x00000006c44531a8,0x00000006cb100000)
 Metaspace       used 27831K, capacity 28202K, committed 28416K, reserved 1073152K
  class space    used 3591K, capacity 3716K, committed 3840K, reserved 1048576K
}
Event: 11.135 GC heap before
{Heap before GC invocations=10 (full 1):
 PSYoungGen      total 472064K, used 472043K [0x000000076b200000, 0x000000078b780000, 0x00000007c0000000)
  eden space 436224K, 100% used [0x000000076b200000,0x0000000785c00000,0x0000000785c00000)
  from space 35840K, 99% used [0x0000000788400000,0x000000078a6faf88,0x000000078a700000)
  to   space 40960K, 0% used [0x0000000785c00000,0x0000000785c00000,0x0000000788400000)
 ParOldGen       total 158720K, used 47436K [0x00000006c1600000, 0x00000006cb100000, 0x000000076b200000)
  object space 158720K, 29% used [0x00000006c1600000,0x00000006c44531a8,0x00000006cb100000)
 Metaspace       used 32872K, capacity 33268K, committed 33664K, reserved 1079296K
  class space    used 4505K, capacity 4658K, committed 4736K, reserved 1048576K
Event: 11.165 GC heap after
Heap after GC invocations=10 (full 1):
 PSYoungGen      total 477184K, used 40943K [0x000000076b200000, 0x0000000797480000, 0x00000007c0000000)
  eden space 436224K, 0% used [0x000000076b200000,0x000000076b200000,0x0000000785c00000)
  from space 40960K, 99% used [0x0000000785c00000,0x00000007883fbda8,0x0000000788400000)
  to   space 50688K, 0% used [0x0000000794300000,0x0000000794300000,0x0000000797480000)
 ParOldGen       total 158720K, used 58827K [0x00000006c1600000, 0x00000006cb100000, 0x000000076b200000)
  object space 158720K, 37% used [0x00000006c1600000,0x00000006c4f72ef0,0x00000006cb100000)
 Metaspace       used 32872K, capacity 33268K, committed 33664K, reserved 1079296K
  class space    used 4505K, capacity 4658K, committed 4736K, reserved 1048576K
}
Event: 11.619 GC heap before
{Heap before GC invocations=11 (full 1):
 PSYoungGen      total 477184K, used 123353K [0x000000076b200000, 0x0000000797480000, 0x00000007c0000000)
  eden space 436224K, 18% used [0x000000076b200000,0x000000077027a818,0x0000000785c00000)
  from space 40960K, 99% used [0x0000000785c00000,0x00000007883fbda8,0x0000000788400000)
  to   space 50688K, 0% used [0x0000000794300000,0x0000000794300000,0x0000000797480000)
 ParOldGen       total 158720K, used 58827K [0x00000006c1600000, 0x00000006cb100000, 0x000000076b200000)
  object space 158720K, 37% used [0x00000006c1600000,0x00000006c4f72ef0,0x00000006cb100000)
 Metaspace       used 34795K, capacity 35200K, committed 35496K, reserved 1079296K
  class space    used 4713K, capacity 4836K, committed 4864K, reserved 1048576K
Event: 11.650 GC heap after
Heap after GC invocations=11 (full 1):
 PSYoungGen      total 673792K, used 18633K [0x000000076b200000, 0x0000000798880000, 0x00000007c0000000)
  eden space 623104K, 0% used [0x000000076b200000,0x000000076b200000,0x0000000791280000)
  from space 50688K, 36% used [0x0000000794300000,0x0000000795532690,0x0000000797480000)
  to   space 49664K, 0% used [0x0000000791280000,0x0000000791280000,0x0000000794300000)
 ParOldGen       total 158720K, used 87124K [0x00000006c1600000, 0x00000006cb100000, 0x000000076b200000)
  object space 158720K, 54% used [0x00000006c1600000,0x00000006c6b15040,0x00000006cb100000)
 Metaspace       used 34795K, capacity 35200K, committed 35496K, reserved 1079296K
  class space    used 4713K, capacity 4836K, committed 4864K, reserved 1048576K
}
Event: 11.650 GC heap before
{Heap before GC invocations=12 (full 2):
 PSYoungGen      total 673792K, used 18633K [0x000000076b200000, 0x0000000798880000, 0x00000007c0000000)
  eden space 623104K, 0% used [0x000000076b200000,0x000000076b200000,0x0000000791280000)
  from space 50688K, 36% used [0x0000000794300000,0x0000000795532690,0x0000000797480000)
  to   space 49664K, 0% used [0x0000000791280000,0x0000000791280000,0x0000000794300000)
 ParOldGen       total 158720K, used 87124K [0x00000006c1600000, 0x00000006cb100000, 0x000000076b200000)
  object space 158720K, 54% used [0x00000006c1600000,0x00000006c6b15040,0x00000006cb100000)
 Metaspace       used 34795K, capacity 35200K, committed 35496K, reserved 1079296K
  class space    used 4713K, capacity 4836K, committed 4864K, reserved 1048576K
Event: 11.777 GC heap after
Heap after GC invocations=12 (full 2):
 PSYoungGen      total 673792K, used 0K [0x000000076b200000, 0x0000000798880000, 0x00000007c0000000)
  eden space 623104K, 0% used [0x000000076b200000,0x000000076b200000,0x0000000791280000)
  from space 50688K, 0% used [0x0000000794300000,0x0000000794300000,0x0000000797480000)
  to   space 49664K, 0% used [0x0000000791280000,0x0000000791280000,0x0000000794300000)
 ParOldGen       total 238080K, used 90087K [0x00000006c1600000, 0x00000006cfe80000, 0x000000076b200000)
  object space 238080K, 37% used [0x00000006c1600000,0x00000006c6df9d48,0x00000006cfe80000)
 Metaspace       used 34795K, capacity 35200K, committed 35496K, reserved 1079296K
  class space    used 4713K, capacity 4836K, committed 4864K, reserved 1048576K
}
Event: 16.158 GC heap before
{Heap before GC invocations=13 (full 2):
 PSYoungGen      total 673792K, used 623104K [0x000000076b200000, 0x0000000798880000, 0x00000007c0000000)
  eden space 623104K, 100% used [0x000000076b200000,0x0000000791280000,0x0000000791280000)
  from space 50688K, 0% used [0x0000000794300000,0x0000000794300000,0x0000000797480000)
  to   space 49664K, 0% used [0x0000000791280000,0x0000000791280000,0x0000000794300000)
 ParOldGen       total 238080K, used 90087K [0x00000006c1600000, 0x00000006cfe80000, 0x000000076b200000)
  object space 238080K, 37% used [0x00000006c1600000,0x00000006c6df9d48,0x00000006cfe80000)
 Metaspace       used 41783K, capacity 42297K, committed 42624K, reserved 1085440K
  class space    used 5539K, capacity 5721K, committed 5760K, reserved 1048576K
Event: 16.196 GC heap after
Heap after GC invocations=13 (full 2):
 PSYoungGen      total 672768K, used 46946K [0x000000076b200000, 0x00000007a5380000, 0x00000007c0000000)
  eden space 623104K, 0% used [0x000000076b200000,0x000000076b200000,0x0000000791280000)
  from space 49664K, 94% used [0x0000000791280000,0x0000000794058880,0x0000000794300000)
  to   space 55296K, 0% used [0x00000007a1d80000,0x00000007a1d80000,0x00000007a5380000)
 ParOldGen       total 238080K, used 90095K [0x00000006c1600000, 0x00000006cfe80000, 0x000000076b200000)
  object space 238080K, 37% used [0x00000006c1600000,0x00000006c6dfbd48,0x00000006cfe80000)
 Metaspace       used 41783K, capacity 42297K, committed 42624K, reserved 1085440K
  class space    used 5539K, capacity 5721K, committed 5760K, reserved 1048576K
}

